<?xml version="1.0" encoding="UTF-8"?>
<!-- Generated by org.testng.reporters.JUnitXMLReporter -->
<testsuite ignored="0" hostname="Mustafa" failures="1" tests="1" name="Test" time="20.747" errors="0" timestamp="2024-11-27T19:14:49 EST">
  <testcase classname="testCases.LoginTest" name="validateLogin" time="16.383">
    <failure type="java.lang.AssertionError" message="Login failed expected [true] but found [false]">
      <![CDATA[java.lang.AssertionError: Login failed expected [true] but found [false]
at testCases.LoginTest.validateLogin(LoginTest.java:37)
at java.base/java.util.ArrayList.forEach(ArrayList.java:1596)
... Removed 30 stack frames]]>
    </failure>
  </testcase> <!-- validateLogin -->
</testsuite> <!-- Test -->
