<?xml version="1.0" encoding="UTF-8"?>
<!-- Generated by org.testng.reporters.JUnitXMLReporter -->
<testsuite ignored="0" hostname="Mustafa" failures="0" tests="3" name="Test" time="40.114" errors="0" timestamp="2024-11-26T19:42:06 EST">
  <testcase classname="testCases.LoginDDT" name="validate_loginDDT" time="2.429"/>
  <testcase classname="testCases.LoginDDT" name="validate_loginDDT" time="16.227"/>
  <testcase classname="testCases.LoginDDT" name="validate_loginDDT" time="16.85"/>
</testsuite> <!-- Test -->
