<?xml version="1.0" encoding="UTF-8"?>
<testng-results ignored="0" total="3" passed="3" failed="0" skipped="0">
  <reporter-output>
  </reporter-output>
  <suite started-at="2024-11-26T19:41:25 EST" name="Suite" finished-at="2024-11-26T19:42:06 EST" duration-ms="40114">
    <groups>
    </groups>
    <test started-at="2024-11-26T19:41:25 EST" name="Test" finished-at="2024-11-26T19:42:06 EST" duration-ms="40114">
      <class name="testCases.LoginDDT">
        <test-method is-config="true" signature="setUp(java.lang.String,java.lang.String)[pri:0, instance:testCases.LoginDDT@611f8234]" started-at="2024-11-26T19:41:26 EST" name="setUp" finished-at="2024-11-26T19:41:29 EST" duration-ms="3674" status="PASS">
          <params>
            <param index="0">
              <value>
                <![CDATA[Windows]]>
              </value>
            </param>
            <param index="1">
              <value>
                <![CDATA[chrome]]>
              </value>
            </param>
          </params>
          <reporter-output>
          </reporter-output>
        </test-method> <!-- setUp -->
        <test-method signature="validate_loginDDT(java.lang.String,java.lang.String,java.lang.String)[pri:0, instance:testCases.LoginDDT@611f8234]" started-at="2024-11-26T19:41:30 EST" name="validate_loginDDT" data-provider="LoginData" finished-at="2024-11-26T19:41:32 EST" duration-ms="2429" status="PASS">
          <params>
            <param index="0">
              <value>
                <![CDATA[xyz1234567890@gmail.com]]>
              </value>
            </param>
            <param index="1">
              <value>
                <![CDATA[abc123]]>
              </value>
            </param>
            <param index="2">
              <value>
                <![CDATA[Valid]]>
              </value>
            </param>
          </params>
          <reporter-output>
          </reporter-output>
        </test-method> <!-- validate_loginDDT -->
        <test-method signature="validate_loginDDT(java.lang.String,java.lang.String,java.lang.String)[pri:0, instance:testCases.LoginDDT@611f8234]" started-at="2024-11-26T19:41:32 EST" name="validate_loginDDT" data-provider="LoginData" finished-at="2024-11-26T19:41:49 EST" duration-ms="16227" status="PASS">
          <params>
            <param index="0">
              <value>
                <![CDATA[test@mail.com]]>
              </value>
            </param>
            <param index="1">
              <value>
                <![CDATA[asd]]>
              </value>
            </param>
            <param index="2">
              <value>
                <![CDATA[Invalid]]>
              </value>
            </param>
          </params>
          <reporter-output>
          </reporter-output>
        </test-method> <!-- validate_loginDDT -->
        <test-method signature="validate_loginDDT(java.lang.String,java.lang.String,java.lang.String)[pri:0, instance:testCases.LoginDDT@611f8234]" started-at="2024-11-26T19:41:49 EST" name="validate_loginDDT" data-provider="LoginData" finished-at="2024-11-26T19:42:05 EST" duration-ms="16850" status="PASS">
          <params>
            <param index="0">
              <value>
                <![CDATA[asda@yahoo.com]]>
              </value>
            </param>
            <param index="1">
              <value>
                <![CDATA[ergw]]>
              </value>
            </param>
            <param index="2">
              <value>
                <![CDATA[Invalid]]>
              </value>
            </param>
          </params>
          <reporter-output>
          </reporter-output>
        </test-method> <!-- validate_loginDDT -->
        <test-method is-config="true" signature="tearDown()[pri:0, instance:testCases.LoginDDT@611f8234]" started-at="2024-11-26T19:42:05 EST" name="tearDown" finished-at="2024-11-26T19:42:06 EST" duration-ms="186" status="PASS">
          <reporter-output>
          </reporter-output>
        </test-method> <!-- tearDown -->
      </class> <!-- testCases.LoginDDT -->
    </test> <!-- Test -->
  </suite> <!-- Suite -->
</testng-results>
