<?xml version="1.0" encoding="UTF-8"?>
<testng-results ignored="0" total="2" passed="2" failed="0" skipped="0">
  <reporter-output>
  </reporter-output>
  <suite started-at="2024-11-27T19:29:21 EST" name="Suite" finished-at="2024-11-27T19:29:32 EST" duration-ms="10911">
    <groups>
      <group name="Master">
        <method signature="AccountRegistrationTest.validateAccountRegistration()[pri:0, instance:testCases.AccountRegistrationTest@a486d78]" name="validateAccountRegistration" class="testCases.AccountRegistrationTest"/>
        <method signature="LoginTest.validateLogin()[pri:0, instance:testCases.LoginTest@2b52c0d6]" name="validateLogin" class="testCases.LoginTest"/>
      </group> <!-- Master -->
      <group name="Sanity">
        <method signature="AccountRegistrationTest.validateAccountRegistration()[pri:0, instance:testCases.AccountRegistrationTest@a486d78]" name="validateAccountRegistration" class="testCases.AccountRegistrationTest"/>
      </group> <!-- Sanity -->
      <group name="Regression">
        <method signature="LoginTest.validateLogin()[pri:0, instance:testCases.LoginTest@2b52c0d6]" name="validateLogin" class="testCases.LoginTest"/>
      </group> <!-- Regression -->
    </groups>
    <test started-at="2024-11-27T19:29:21 EST" name="Test" finished-at="2024-11-27T19:29:32 EST" duration-ms="10911">
      <class name="testCases.LoginTest">
        <test-method is-config="true" signature="setUp(java.lang.String,java.lang.String)[pri:0, instance:testCases.LoginTest@2b52c0d6]" started-at="2024-11-27T19:29:22 EST" name="setUp" finished-at="2024-11-27T19:29:25 EST" duration-ms="3769" status="PASS">
          <params>
            <param index="0">
              <value>
                <![CDATA[Windows]]>
              </value>
            </param>
            <param index="1">
              <value>
                <![CDATA[chrome]]>
              </value>
            </param>
          </params>
          <reporter-output>
          </reporter-output>
        </test-method> <!-- setUp -->
        <test-method signature="validateLogin()[pri:0, instance:testCases.LoginTest@2b52c0d6]" started-at="2024-11-27T19:29:25 EST" name="validateLogin" finished-at="2024-11-27T19:29:27 EST" duration-ms="1509" status="PASS">
          <reporter-output>
          </reporter-output>
        </test-method> <!-- validateLogin -->
      </class> <!-- testCases.LoginTest -->
      <class name="testCases.AccountRegistrationTest">
        <test-method is-config="true" signature="setUp(java.lang.String,java.lang.String)[pri:0, instance:testCases.AccountRegistrationTest@a486d78]" started-at="2024-11-27T19:29:27 EST" name="setUp" finished-at="2024-11-27T19:29:30 EST" duration-ms="3205" status="PASS">
          <params>
            <param index="0">
              <value>
                <![CDATA[Windows]]>
              </value>
            </param>
            <param index="1">
              <value>
                <![CDATA[chrome]]>
              </value>
            </param>
          </params>
          <reporter-output>
          </reporter-output>
        </test-method> <!-- setUp -->
        <test-method signature="validateAccountRegistration()[pri:0, instance:testCases.AccountRegistrationTest@a486d78]" started-at="2024-11-27T19:29:30 EST" name="validateAccountRegistration" finished-at="2024-11-27T19:29:32 EST" duration-ms="2218" status="PASS">
          <reporter-output>
          </reporter-output>
        </test-method> <!-- validateAccountRegistration -->
      </class> <!-- testCases.AccountRegistrationTest -->
    </test> <!-- Test -->
  </suite> <!-- Suite -->
</testng-results>
